2025-11-17 08:44:44 [INFO] Wczytano ustawienia z E:\NextCloud\Borys\IT\Codowanie\Powershell\PS1-MicroProjects\.AD-BulkUserCreator.json
2025-11-17 19:00:25 [WARNING] Zbyt wiele kolumn dla Student
2025-11-17 19:00:26 [INFO] Wklejono dane dla zakladki Student.
2025-11-17 19:00:26 [INFO] Sprawdzanie zakończone.
2025-11-17 19:00:37 [WARNING] Za malo kolumn dla Student
2025-11-17 19:00:37 [INFO] Wklejono dane dla zakladki Student.
2025-11-17 19:00:37 [INFO] Sprawdzanie zakończone.
2025-11-17 19:01:42 [INFO] Wklejono dane dla zakladki Student.
2025-11-17 19:01:43 [INFO] Sprawdzanie zakończone.
2025-11-17 19:01:47 [INFO] Sprawdzanie zakończone.
2025-11-17 19:01:48 [INFO] Odświeżono dane dla zakładki Student.
2025-11-17 19:01:54 [SUCCESS] Utworzono konto: 100001 (Adam Nowak (100001))
2025-11-17 19:01:55 [SUCCESS] Utworzono konto: 100002 (Ewa Kowalska (100002))
2025-11-17 19:01:55 [SUCCESS] Utworzono konto: 100003 (Piotr Zieliński (100003))
2025-11-17 19:01:55 [SUCCESS] Utworzono konto: 100004 (Anna Wiśniewska (100004))
2025-11-17 19:01:55 [SUCCESS] Utworzono konto: 100005 (Kamil Wójcik (100005))
2025-11-17 19:01:55 [SUCCESS] Utworzono konto: 100006 (Marta Lewandowska (100006))
2025-11-17 19:01:55 [SUCCESS] Utworzono konto: 100007 (Tomasz Kamiński (100007))
2025-11-17 19:01:56 [SUCCESS] Utworzono konto: 100008 (Julia Mazur (100008))
2025-11-17 19:01:56 [SUCCESS] Utworzono konto: 100009 (Mateusz Krawczyk (100009))
2025-11-17 19:01:56 [SUCCESS] Utworzono konto: 100010 (Karolina Dudek (100010))
2025-11-17 19:01:56 [WARNING] Nie udalo sie uruchomic Start-ADSyncSyncCycle -PolicyType Delta.
2025-11-17 19:04:36 [INFO] Wyczyszczono dane z zakladki Student.
2025-11-17 19:04:43 [INFO] Wklejono dane dla zakladki Student.
2025-11-17 19:04:43 [INFO] Konto studenta juz istnieje w AD: 100001 (wiersz 0)
2025-11-17 19:04:43 [INFO] Konto studenta juz istnieje w AD: 100002 (wiersz 1)
2025-11-17 19:04:43 [INFO] Konto studenta juz istnieje w AD: 100003 (wiersz 2)
2025-11-17 19:04:43 [INFO] Konto studenta juz istnieje w AD: 100004 (wiersz 3)
2025-11-17 19:04:43 [INFO] Konto studenta juz istnieje w AD: 100005 (wiersz 4)
2025-11-17 19:04:43 [INFO] Konto studenta juz istnieje w AD: 100006 (wiersz 5)
2025-11-17 19:04:43 [INFO] Konto studenta juz istnieje w AD: 100007 (wiersz 6)
2025-11-17 19:04:43 [INFO] Konto studenta juz istnieje w AD: 100008 (wiersz 7)
2025-11-17 19:04:43 [INFO] Konto studenta juz istnieje w AD: 100009 (wiersz 8)
2025-11-17 19:04:43 [INFO] Konto studenta juz istnieje w AD: 100010 (wiersz 9)
2025-11-17 19:04:43 [INFO] Sprawdzanie zakończone.
2025-11-17 19:06:05 [INFO] Konto studenta juz istnieje w AD: 100001 (wiersz 0)
2025-11-17 19:06:05 [INFO] Konto studenta juz istnieje w AD: 100002 (wiersz 1)
2025-11-17 19:06:05 [INFO] Konto studenta juz istnieje w AD: 100003 (wiersz 2)
2025-11-17 19:06:05 [INFO] Konto studenta juz istnieje w AD: 100004 (wiersz 3)
2025-11-17 19:06:05 [INFO] Konto studenta juz istnieje w AD: 100005 (wiersz 4)
2025-11-17 19:06:05 [INFO] Konto studenta juz istnieje w AD: 100006 (wiersz 5)
2025-11-17 19:06:05 [INFO] Konto studenta juz istnieje w AD: 100007 (wiersz 6)
2025-11-17 19:06:05 [INFO] Konto studenta juz istnieje w AD: 100008 (wiersz 7)
2025-11-17 19:06:05 [INFO] Konto studenta juz istnieje w AD: 100009 (wiersz 8)
2025-11-17 19:06:05 [INFO] Konto studenta juz istnieje w AD: 100010 (wiersz 9)
2025-11-17 19:06:05 [INFO] Sprawdzanie zakończone.
2025-11-17 19:06:07 [INFO] Odświeżono dane dla zakładki Student.
2025-11-17 19:06:09 [INFO] Konto studenta juz istnieje w AD: 100001 (wiersz 0)
2025-11-17 19:06:09 [INFO] Konto studenta juz istnieje w AD: 100002 (wiersz 1)
2025-11-17 19:06:09 [INFO] Konto studenta juz istnieje w AD: 100003 (wiersz 2)
2025-11-17 19:06:09 [INFO] Konto studenta juz istnieje w AD: 100004 (wiersz 3)
2025-11-17 19:06:09 [INFO] Konto studenta juz istnieje w AD: 100005 (wiersz 4)
2025-11-17 19:06:09 [INFO] Konto studenta juz istnieje w AD: 100006 (wiersz 5)
2025-11-17 19:06:10 [INFO] Konto studenta juz istnieje w AD: 100007 (wiersz 6)
2025-11-17 19:06:10 [INFO] Konto studenta juz istnieje w AD: 100008 (wiersz 7)
2025-11-17 19:06:10 [INFO] Konto studenta juz istnieje w AD: 100009 (wiersz 8)
2025-11-17 19:06:10 [INFO] Konto studenta juz istnieje w AD: 100010 (wiersz 9)
2025-11-17 19:06:10 [INFO] Sprawdzanie zakończone.
2025-11-17 19:06:10 [INFO] Odświeżono dane dla zakładki Student.
2025-11-17 19:06:11 [INFO] Odświeżono dane dla zakładki Student.
2025-11-17 19:11:08 [INFO] Wczytano ustawienia z E:\NextCloud\Borys\IT\Codowanie\Powershell\PS1-MicroProjects\.AD-BulkUserCreator.json
2025-11-17 19:11:13 [WARNING] Zbyt wiele kolumn dla Uczen
2025-11-17 19:11:13 [WARNING] Zbyt wiele kolumn dla Uczen
2025-11-17 19:11:14 [WARNING] Zbyt wiele kolumn dla Uczen
2025-11-17 19:11:14 [WARNING] Zbyt wiele kolumn dla Uczen
2025-11-17 19:11:14 [WARNING] Zbyt wiele kolumn dla Uczen
2025-11-17 19:11:14 [WARNING] Zbyt wiele kolumn dla Uczen
2025-11-17 19:11:14 [WARNING] Zbyt wiele kolumn dla Uczen
2025-11-17 19:11:14 [WARNING] Zbyt wiele kolumn dla Uczen
2025-11-17 19:11:14 [WARNING] Zbyt wiele kolumn dla Uczen
2025-11-17 19:11:14 [WARNING] Zbyt wiele kolumn dla Uczen
2025-11-17 19:11:14 [INFO] Wklejono dane dla zakladki Uczen [0 pozycji]
2025-11-17 19:11:14 [INFO] Sprawdzanie zakończone.
2025-11-17 19:11:18 [INFO] Wklejono dane dla zakladki Student [10 pozycji]
2025-11-17 19:11:18 [INFO] Konto studenta juz istnieje w AD: 100001 (wiersz 0)
2025-11-17 19:11:18 [INFO] Konto studenta juz istnieje w AD: 100002 (wiersz 1)
2025-11-17 19:11:18 [INFO] Konto studenta juz istnieje w AD: 100003 (wiersz 2)
2025-11-17 19:11:18 [INFO] Konto studenta juz istnieje w AD: 100004 (wiersz 3)
2025-11-17 19:11:18 [INFO] Konto studenta juz istnieje w AD: 100005 (wiersz 4)
2025-11-17 19:11:18 [INFO] Konto studenta juz istnieje w AD: 100006 (wiersz 5)
2025-11-17 19:11:18 [INFO] Konto studenta juz istnieje w AD: 100007 (wiersz 6)
2025-11-17 19:11:18 [INFO] Konto studenta juz istnieje w AD: 100008 (wiersz 7)
2025-11-17 19:11:19 [INFO] Konto studenta juz istnieje w AD: 100009 (wiersz 8)
2025-11-17 19:11:19 [INFO] Konto studenta juz istnieje w AD: 100010 (wiersz 9)
2025-11-17 19:11:19 [INFO] Sprawdzanie zakończone.
2025-11-17 19:11:30 [INFO] Konto studenta juz istnieje w AD: 100001 (wiersz 0)
2025-11-17 19:11:30 [INFO] Konto studenta juz istnieje w AD: 100002 (wiersz 1)
2025-11-17 19:11:30 [INFO] Konto studenta juz istnieje w AD: 100003 (wiersz 2)
2025-11-17 19:11:30 [INFO] Konto studenta juz istnieje w AD: 100004 (wiersz 3)
2025-11-17 19:11:30 [INFO] Konto studenta juz istnieje w AD: 100005 (wiersz 4)
2025-11-17 19:11:30 [INFO] Konto studenta juz istnieje w AD: 100006 (wiersz 5)
2025-11-17 19:11:30 [INFO] Konto studenta juz istnieje w AD: 100007 (wiersz 6)
2025-11-17 19:11:30 [INFO] Konto studenta juz istnieje w AD: 100008 (wiersz 7)
2025-11-17 19:11:30 [INFO] Konto studenta juz istnieje w AD: 100009 (wiersz 8)
2025-11-17 19:11:30 [INFO] Konto studenta juz istnieje w AD: 100010 (wiersz 9)
2025-11-17 19:11:30 [INFO] Sprawdzanie zakończone.
2025-11-17 19:11:33 [INFO] Odświeżono dane dla zakładki Student.
2025-11-17 19:34:28 [INFO] Wczytano ustawienia z E:\NextCloud\Borys\IT\Codowanie\Powershell\PS1-MicroProjects\.AD-BulkUserCreator.json
2025-11-17 19:34:42 [INFO] Wklejono dane dla zakladki Student [10 pozycji]
2025-11-17 19:34:42 [INFO] Konto studenta juz istnieje w AD: 100001 (wiersz 0)
2025-11-17 19:34:42 [INFO] Konto studenta juz istnieje w AD: 100002 (wiersz 1)
2025-11-17 19:34:42 [INFO] Konto studenta juz istnieje w AD: 100003 (wiersz 2)
2025-11-17 19:34:42 [INFO] Konto studenta juz istnieje w AD: 100004 (wiersz 3)
2025-11-17 19:34:43 [INFO] Konto studenta juz istnieje w AD: 100005 (wiersz 4)
2025-11-17 19:34:43 [INFO] Konto studenta juz istnieje w AD: 100006 (wiersz 5)
2025-11-17 19:34:43 [INFO] Konto studenta juz istnieje w AD: 100007 (wiersz 6)
2025-11-17 19:34:43 [INFO] Konto studenta juz istnieje w AD: 100008 (wiersz 7)
2025-11-17 19:34:43 [INFO] Konto studenta juz istnieje w AD: 100009 (wiersz 8)
2025-11-17 19:34:43 [INFO] Konto studenta juz istnieje w AD: 100010 (wiersz 9)
2025-11-17 19:34:43 [INFO] Sprawdzanie zakończone.
2025-11-17 19:34:45 [ERROR] Nazwa (CN/Name) w OU juz istnieje: 'Adam Nowak (100001)' - zmien format nazwy lub wybierz inne OU (wiersz: 0)
2025-11-17 19:34:46 [ERROR] Nazwa (CN/Name) w OU juz istnieje: 'Ewa Kowalska (100002)' - zmien format nazwy lub wybierz inne OU (wiersz: 1)
2025-11-17 19:34:46 [ERROR] Nazwa (CN/Name) w OU juz istnieje: 'Piotr Zieliński (100003)' - zmien format nazwy lub wybierz inne OU (wiersz: 2)
2025-11-17 19:34:46 [ERROR] Nazwa (CN/Name) w OU juz istnieje: 'Anna Wiśniewska (100004)' - zmien format nazwy lub wybierz inne OU (wiersz: 3)
2025-11-17 19:34:46 [ERROR] Nazwa (CN/Name) w OU juz istnieje: 'Kamil Wójcik (100005)' - zmien format nazwy lub wybierz inne OU (wiersz: 4)
2025-11-17 19:34:46 [ERROR] Nazwa (CN/Name) w OU juz istnieje: 'Marta Lewandowska (100006)' - zmien format nazwy lub wybierz inne OU (wiersz: 5)
2025-11-17 19:34:46 [ERROR] Nazwa (CN/Name) w OU juz istnieje: 'Tomasz Kamiński (100007)' - zmien format nazwy lub wybierz inne OU (wiersz: 6)
2025-11-17 19:34:46 [ERROR] Nazwa (CN/Name) w OU juz istnieje: 'Julia Mazur (100008)' - zmien format nazwy lub wybierz inne OU (wiersz: 7)
2025-11-17 19:34:46 [ERROR] Nazwa (CN/Name) w OU juz istnieje: 'Mateusz Krawczyk (100009)' - zmien format nazwy lub wybierz inne OU (wiersz: 8)
2025-11-17 19:34:46 [ERROR] Nazwa (CN/Name) w OU juz istnieje: 'Karolina Dudek (100010)' - zmien format nazwy lub wybierz inne OU (wiersz: 9)
2025-11-17 19:34:51 [INFO] Konto studenta juz istnieje w AD: 100001 (wiersz 0)
2025-11-17 19:34:51 [INFO] Konto studenta juz istnieje w AD: 100002 (wiersz 1)
2025-11-17 19:34:51 [INFO] Konto studenta juz istnieje w AD: 100003 (wiersz 2)
2025-11-17 19:34:51 [INFO] Konto studenta juz istnieje w AD: 100004 (wiersz 3)
2025-11-17 19:34:51 [INFO] Konto studenta juz istnieje w AD: 100005 (wiersz 4)
2025-11-17 19:34:51 [INFO] Konto studenta juz istnieje w AD: 100006 (wiersz 5)
2025-11-17 19:34:51 [INFO] Konto studenta juz istnieje w AD: 100007 (wiersz 6)
2025-11-17 19:34:51 [INFO] Konto studenta juz istnieje w AD: 100008 (wiersz 7)
2025-11-17 19:34:51 [INFO] Konto studenta juz istnieje w AD: 100009 (wiersz 8)
2025-11-17 19:34:51 [INFO] Konto studenta juz istnieje w AD: 100010 (wiersz 9)
2025-11-17 19:34:51 [INFO] Sprawdzanie zakończone.
2025-11-17 19:34:54 [INFO] Odświeżono dane dla zakładki Student.
2025-11-17 19:34:55 [INFO] Odświeżono dane dla zakładki Student.
2025-11-17 19:34:56 [INFO] Konto studenta juz istnieje w AD: 100001 (wiersz 0)
2025-11-17 19:34:56 [INFO] Konto studenta juz istnieje w AD: 100002 (wiersz 1)
2025-11-17 19:34:56 [INFO] Konto studenta juz istnieje w AD: 100003 (wiersz 2)
2025-11-17 19:34:56 [INFO] Konto studenta juz istnieje w AD: 100004 (wiersz 3)
2025-11-17 19:34:56 [INFO] Konto studenta juz istnieje w AD: 100005 (wiersz 4)
2025-11-17 19:34:56 [INFO] Konto studenta juz istnieje w AD: 100006 (wiersz 5)
2025-11-17 19:34:56 [INFO] Konto studenta juz istnieje w AD: 100007 (wiersz 6)
2025-11-17 19:34:56 [INFO] Konto studenta juz istnieje w AD: 100008 (wiersz 7)
2025-11-17 19:34:56 [INFO] Konto studenta juz istnieje w AD: 100009 (wiersz 8)
2025-11-17 19:34:56 [INFO] Konto studenta juz istnieje w AD: 100010 (wiersz 9)
2025-11-17 19:34:56 [INFO] Sprawdzanie zakończone.
2025-11-17 19:35:00 [INFO] Usunięto wiersz 0 w zakładce Student.
2025-11-17 19:35:01 [INFO] Usunięto wiersz 0 w zakładce Student.
2025-11-17 19:35:01 [INFO] Usunięto wiersz 0 w zakładce Student.
2025-11-17 19:35:01 [INFO] Usunięto wiersz 0 w zakładce Student.
2025-11-17 19:35:01 [INFO] Usunięto wiersz 0 w zakładce Student.
2025-11-17 19:35:02 [INFO] Wyczyszczono dane z zakladki Student.
2025-11-17 19:35:04 [INFO] Wklejono dane dla zakladki Student [10 pozycji]
2025-11-17 19:35:04 [INFO] Konto studenta juz istnieje w AD: 100001 (wiersz 0)
2025-11-17 19:35:04 [INFO] Konto studenta juz istnieje w AD: 100002 (wiersz 1)
2025-11-17 19:35:04 [INFO] Konto studenta juz istnieje w AD: 100003 (wiersz 2)
2025-11-17 19:35:04 [INFO] Konto studenta juz istnieje w AD: 100004 (wiersz 3)
2025-11-17 19:35:04 [INFO] Konto studenta juz istnieje w AD: 100005 (wiersz 4)
2025-11-17 19:35:04 [INFO] Konto studenta juz istnieje w AD: 100006 (wiersz 5)
2025-11-17 19:35:04 [INFO] Konto studenta juz istnieje w AD: 100007 (wiersz 6)
2025-11-17 19:35:04 [INFO] Konto studenta juz istnieje w AD: 100008 (wiersz 7)
2025-11-17 19:35:04 [INFO] Konto studenta juz istnieje w AD: 100009 (wiersz 8)
2025-11-17 19:35:04 [INFO] Konto studenta juz istnieje w AD: 100010 (wiersz 9)
2025-11-17 19:35:04 [INFO] Sprawdzanie zakończone.
2025-11-17 19:40:37 [INFO] Wczytano ustawienia z E:\NextCloud\Borys\IT\Codowanie\Powershell\PS1-MicroProjects\.AD-BulkUserCreator.json
2025-11-17 19:40:42 [INFO] Wklejono dane dla zakladki Student [10 pozycji]
2025-11-17 19:40:42 [INFO] Konto studenta juz istnieje w AD: 100001 (wiersz 0)
2025-11-17 19:40:42 [INFO] Konto studenta juz istnieje w AD: 100002 (wiersz 1)
2025-11-17 19:40:42 [INFO] Konto studenta juz istnieje w AD: 100003 (wiersz 2)
2025-11-17 19:40:42 [INFO] Konto studenta juz istnieje w AD: 100004 (wiersz 3)
2025-11-17 19:40:42 [INFO] Konto studenta juz istnieje w AD: 100005 (wiersz 4)
2025-11-17 19:40:42 [INFO] Konto studenta juz istnieje w AD: 100006 (wiersz 5)
2025-11-17 19:40:42 [INFO] Konto studenta juz istnieje w AD: 100007 (wiersz 6)
2025-11-17 19:40:43 [INFO] Konto studenta juz istnieje w AD: 100008 (wiersz 7)
2025-11-17 19:40:43 [INFO] Konto studenta juz istnieje w AD: 100009 (wiersz 8)
2025-11-17 19:40:43 [INFO] Konto studenta juz istnieje w AD: 100010 (wiersz 9)
2025-11-17 19:40:43 [INFO] Sprawdzanie zakończone.
2025-11-17 19:40:45 [INFO] Konto studenta juz istnieje w AD: 100001 (wiersz 0)
2025-11-17 19:40:45 [INFO] Konto studenta juz istnieje w AD: 100002 (wiersz 1)
2025-11-17 19:40:45 [INFO] Konto studenta juz istnieje w AD: 100003 (wiersz 2)
2025-11-17 19:40:45 [INFO] Konto studenta juz istnieje w AD: 100004 (wiersz 3)
2025-11-17 19:40:45 [INFO] Konto studenta juz istnieje w AD: 100005 (wiersz 4)
2025-11-17 19:40:45 [INFO] Konto studenta juz istnieje w AD: 100006 (wiersz 5)
2025-11-17 19:40:45 [INFO] Konto studenta juz istnieje w AD: 100007 (wiersz 6)
2025-11-17 19:40:45 [INFO] Konto studenta juz istnieje w AD: 100008 (wiersz 7)
2025-11-17 19:40:45 [INFO] Konto studenta juz istnieje w AD: 100009 (wiersz 8)
2025-11-17 19:40:45 [INFO] Konto studenta juz istnieje w AD: 100010 (wiersz 9)
2025-11-17 19:40:45 [INFO] Sprawdzanie zakończone.
2025-11-17 19:40:47 [INFO] Odświeżono dane dla zakładki Student.
2025-11-17 19:40:48 [ERROR] Login juz istnieje w AD: 100001 - zmien login (wiersz: 0)
2025-11-17 19:40:48 [ERROR] Nazwa (CN/Name) w OU juz istnieje: 'Adam Nowak (100001)' - zmien format nazwy lub wybierz inne OU (wiersz: 0)
2025-11-17 19:40:48 [ERROR] Login juz istnieje w AD: 100002 - zmien login (wiersz: 1)
2025-11-17 19:40:49 [ERROR] Nazwa (CN/Name) w OU juz istnieje: 'Ewa Kowalska (100002)' - zmien format nazwy lub wybierz inne OU (wiersz: 1)
2025-11-17 19:40:49 [ERROR] Login juz istnieje w AD: 100003 - zmien login (wiersz: 2)
2025-11-17 19:40:49 [ERROR] Nazwa (CN/Name) w OU juz istnieje: 'Piotr Zieliński (100003)' - zmien format nazwy lub wybierz inne OU (wiersz: 2)
2025-11-17 19:40:49 [ERROR] Login juz istnieje w AD: 100004 - zmien login (wiersz: 3)
2025-11-17 19:40:49 [ERROR] Nazwa (CN/Name) w OU juz istnieje: 'Anna Wiśniewska (100004)' - zmien format nazwy lub wybierz inne OU (wiersz: 3)
2025-11-17 19:40:49 [ERROR] Login juz istnieje w AD: 100005 - zmien login (wiersz: 4)
2025-11-17 19:40:49 [ERROR] Nazwa (CN/Name) w OU juz istnieje: 'Kamil Wójcik (100005)' - zmien format nazwy lub wybierz inne OU (wiersz: 4)
2025-11-17 19:40:49 [ERROR] Login juz istnieje w AD: 100006 - zmien login (wiersz: 5)
2025-11-17 19:40:49 [ERROR] Nazwa (CN/Name) w OU juz istnieje: 'Marta Lewandowska (100006)' - zmien format nazwy lub wybierz inne OU (wiersz: 5)
2025-11-17 19:40:49 [ERROR] Login juz istnieje w AD: 100007 - zmien login (wiersz: 6)
2025-11-17 19:40:49 [ERROR] Nazwa (CN/Name) w OU juz istnieje: 'Tomasz Kamiński (100007)' - zmien format nazwy lub wybierz inne OU (wiersz: 6)
2025-11-17 19:40:49 [ERROR] Login juz istnieje w AD: 100008 - zmien login (wiersz: 7)
2025-11-17 19:40:49 [ERROR] Nazwa (CN/Name) w OU juz istnieje: 'Julia Mazur (100008)' - zmien format nazwy lub wybierz inne OU (wiersz: 7)
2025-11-17 19:40:49 [ERROR] Login juz istnieje w AD: 100009 - zmien login (wiersz: 8)
2025-11-17 19:40:49 [ERROR] Nazwa (CN/Name) w OU juz istnieje: 'Mateusz Krawczyk (100009)' - zmien format nazwy lub wybierz inne OU (wiersz: 8)
2025-11-17 19:40:49 [ERROR] Login juz istnieje w AD: 100010 - zmien login (wiersz: 9)
2025-11-17 19:40:49 [ERROR] Nazwa (CN/Name) w OU juz istnieje: 'Karolina Dudek (100010)' - zmien format nazwy lub wybierz inne OU (wiersz: 9)
2025-11-17 19:40:52 [INFO] Konto studenta juz istnieje w AD: 100001 (wiersz 0)
2025-11-17 19:40:52 [INFO] Konto studenta juz istnieje w AD: 100002 (wiersz 1)
2025-11-17 19:40:52 [INFO] Konto studenta juz istnieje w AD: 100003 (wiersz 2)
2025-11-17 19:40:53 [INFO] Konto studenta juz istnieje w AD: 100004 (wiersz 3)
2025-11-17 19:40:53 [INFO] Konto studenta juz istnieje w AD: 100005 (wiersz 4)
2025-11-17 19:40:53 [INFO] Konto studenta juz istnieje w AD: 100006 (wiersz 5)
2025-11-17 19:40:53 [INFO] Konto studenta juz istnieje w AD: 100007 (wiersz 6)
2025-11-17 19:40:53 [INFO] Konto studenta juz istnieje w AD: 100008 (wiersz 7)
2025-11-17 19:40:53 [INFO] Konto studenta juz istnieje w AD: 100009 (wiersz 8)
2025-11-17 19:40:53 [INFO] Konto studenta juz istnieje w AD: 100010 (wiersz 9)
2025-11-17 19:40:53 [INFO] Sprawdzanie zakończone.
2025-11-17 19:40:54 [INFO] Konto studenta juz istnieje w AD: 100001 (wiersz 0)
2025-11-17 19:40:54 [INFO] Konto studenta juz istnieje w AD: 100002 (wiersz 1)
2025-11-17 19:40:54 [INFO] Konto studenta juz istnieje w AD: 100003 (wiersz 2)
2025-11-17 19:40:54 [INFO] Konto studenta juz istnieje w AD: 100004 (wiersz 3)
2025-11-17 19:40:54 [INFO] Konto studenta juz istnieje w AD: 100005 (wiersz 4)
2025-11-17 19:40:54 [INFO] Konto studenta juz istnieje w AD: 100006 (wiersz 5)
2025-11-17 19:40:54 [INFO] Konto studenta juz istnieje w AD: 100007 (wiersz 6)
2025-11-17 19:40:54 [INFO] Konto studenta juz istnieje w AD: 100008 (wiersz 7)
2025-11-17 19:40:54 [INFO] Konto studenta juz istnieje w AD: 100009 (wiersz 8)
2025-11-17 19:40:54 [INFO] Konto studenta juz istnieje w AD: 100010 (wiersz 9)
2025-11-17 19:40:54 [INFO] Sprawdzanie zakończone.
2025-11-17 19:40:54 [INFO] Konto studenta juz istnieje w AD: 100001 (wiersz 0)
2025-11-17 19:40:54 [INFO] Konto studenta juz istnieje w AD: 100002 (wiersz 1)
2025-11-17 19:40:54 [INFO] Konto studenta juz istnieje w AD: 100003 (wiersz 2)
2025-11-17 19:40:55 [INFO] Konto studenta juz istnieje w AD: 100004 (wiersz 3)
2025-11-17 19:40:55 [INFO] Konto studenta juz istnieje w AD: 100005 (wiersz 4)
2025-11-17 19:40:55 [INFO] Konto studenta juz istnieje w AD: 100006 (wiersz 5)
2025-11-17 19:40:55 [INFO] Konto studenta juz istnieje w AD: 100007 (wiersz 6)
2025-11-17 19:40:55 [INFO] Konto studenta juz istnieje w AD: 100008 (wiersz 7)
2025-11-17 19:40:55 [INFO] Konto studenta juz istnieje w AD: 100009 (wiersz 8)
2025-11-17 19:40:55 [INFO] Konto studenta juz istnieje w AD: 100010 (wiersz 9)
2025-11-17 19:40:55 [INFO] Sprawdzanie zakończone.
2025-11-17 19:40:55 [INFO] Konto studenta juz istnieje w AD: 100001 (wiersz 0)
2025-11-17 19:40:55 [INFO] Konto studenta juz istnieje w AD: 100002 (wiersz 1)
2025-11-17 19:40:55 [INFO] Konto studenta juz istnieje w AD: 100003 (wiersz 2)
2025-11-17 19:40:55 [INFO] Konto studenta juz istnieje w AD: 100004 (wiersz 3)
2025-11-17 19:40:55 [INFO] Konto studenta juz istnieje w AD: 100005 (wiersz 4)
2025-11-17 19:40:55 [INFO] Konto studenta juz istnieje w AD: 100006 (wiersz 5)
2025-11-17 19:40:55 [INFO] Konto studenta juz istnieje w AD: 100007 (wiersz 6)
2025-11-17 19:40:55 [INFO] Konto studenta juz istnieje w AD: 100008 (wiersz 7)
2025-11-17 19:40:55 [INFO] Konto studenta juz istnieje w AD: 100009 (wiersz 8)
2025-11-17 19:40:55 [INFO] Konto studenta juz istnieje w AD: 100010 (wiersz 9)
2025-11-17 19:40:55 [INFO] Sprawdzanie zakończone.
2025-11-17 19:40:56 [INFO] Konto studenta juz istnieje w AD: 100001 (wiersz 0)
2025-11-17 19:40:56 [INFO] Konto studenta juz istnieje w AD: 100002 (wiersz 1)
2025-11-17 19:40:56 [INFO] Konto studenta juz istnieje w AD: 100003 (wiersz 2)
2025-11-17 19:40:56 [INFO] Konto studenta juz istnieje w AD: 100004 (wiersz 3)
2025-11-17 19:40:56 [INFO] Konto studenta juz istnieje w AD: 100005 (wiersz 4)
2025-11-17 19:40:56 [INFO] Konto studenta juz istnieje w AD: 100006 (wiersz 5)
2025-11-17 19:40:56 [INFO] Konto studenta juz istnieje w AD: 100007 (wiersz 6)
2025-11-17 19:40:56 [INFO] Konto studenta juz istnieje w AD: 100008 (wiersz 7)
2025-11-17 19:40:56 [INFO] Konto studenta juz istnieje w AD: 100009 (wiersz 8)
2025-11-17 19:40:56 [INFO] Konto studenta juz istnieje w AD: 100010 (wiersz 9)
2025-11-17 19:40:56 [INFO] Sprawdzanie zakończone.
2025-11-17 19:40:56 [INFO] Konto studenta juz istnieje w AD: 100001 (wiersz 0)
2025-11-17 19:40:56 [INFO] Konto studenta juz istnieje w AD: 100002 (wiersz 1)
2025-11-17 19:40:56 [INFO] Konto studenta juz istnieje w AD: 100003 (wiersz 2)
2025-11-17 19:40:56 [INFO] Konto studenta juz istnieje w AD: 100004 (wiersz 3)
2025-11-17 19:40:56 [INFO] Konto studenta juz istnieje w AD: 100005 (wiersz 4)
2025-11-17 19:40:56 [INFO] Konto studenta juz istnieje w AD: 100006 (wiersz 5)
2025-11-17 19:40:56 [INFO] Konto studenta juz istnieje w AD: 100007 (wiersz 6)
2025-11-17 19:40:56 [INFO] Konto studenta juz istnieje w AD: 100008 (wiersz 7)
2025-11-17 19:40:56 [INFO] Konto studenta juz istnieje w AD: 100009 (wiersz 8)
2025-11-17 19:40:57 [INFO] Konto studenta juz istnieje w AD: 100010 (wiersz 9)
2025-11-17 19:40:57 [INFO] Sprawdzanie zakończone.
2025-11-17 19:40:57 [INFO] Konto studenta juz istnieje w AD: 100001 (wiersz 0)
2025-11-17 19:40:57 [INFO] Konto studenta juz istnieje w AD: 100002 (wiersz 1)
2025-11-17 19:40:57 [INFO] Konto studenta juz istnieje w AD: 100003 (wiersz 2)
2025-11-17 19:40:57 [INFO] Konto studenta juz istnieje w AD: 100004 (wiersz 3)
2025-11-17 19:40:57 [INFO] Konto studenta juz istnieje w AD: 100005 (wiersz 4)
2025-11-17 19:40:57 [INFO] Konto studenta juz istnieje w AD: 100006 (wiersz 5)
2025-11-17 19:40:57 [INFO] Konto studenta juz istnieje w AD: 100007 (wiersz 6)
2025-11-17 19:40:57 [INFO] Konto studenta juz istnieje w AD: 100008 (wiersz 7)
2025-11-17 19:40:57 [INFO] Konto studenta juz istnieje w AD: 100009 (wiersz 8)
2025-11-17 19:40:57 [INFO] Konto studenta juz istnieje w AD: 100010 (wiersz 9)
2025-11-17 19:40:57 [INFO] Sprawdzanie zakończone.
2025-11-17 19:40:57 [INFO] Konto studenta juz istnieje w AD: 100001 (wiersz 0)
2025-11-17 19:40:57 [INFO] Konto studenta juz istnieje w AD: 100002 (wiersz 1)
2025-11-17 19:40:57 [INFO] Konto studenta juz istnieje w AD: 100003 (wiersz 2)
2025-11-17 19:40:57 [INFO] Konto studenta juz istnieje w AD: 100004 (wiersz 3)
2025-11-17 19:40:57 [INFO] Konto studenta juz istnieje w AD: 100005 (wiersz 4)
2025-11-17 19:40:57 [INFO] Konto studenta juz istnieje w AD: 100006 (wiersz 5)
2025-11-17 19:40:57 [INFO] Konto studenta juz istnieje w AD: 100007 (wiersz 6)
2025-11-17 19:40:57 [INFO] Konto studenta juz istnieje w AD: 100008 (wiersz 7)
2025-11-17 19:40:57 [INFO] Konto studenta juz istnieje w AD: 100009 (wiersz 8)
2025-11-17 19:40:57 [INFO] Konto studenta juz istnieje w AD: 100010 (wiersz 9)
2025-11-17 19:40:57 [INFO] Sprawdzanie zakończone.
2025-11-17 19:40:57 [INFO] Konto studenta juz istnieje w AD: 100001 (wiersz 0)
2025-11-17 19:40:57 [INFO] Konto studenta juz istnieje w AD: 100002 (wiersz 1)
2025-11-17 19:40:57 [INFO] Konto studenta juz istnieje w AD: 100003 (wiersz 2)
2025-11-17 19:40:57 [INFO] Konto studenta juz istnieje w AD: 100004 (wiersz 3)
2025-11-17 19:40:57 [INFO] Konto studenta juz istnieje w AD: 100005 (wiersz 4)
2025-11-17 19:40:57 [INFO] Konto studenta juz istnieje w AD: 100006 (wiersz 5)
2025-11-17 19:40:57 [INFO] Konto studenta juz istnieje w AD: 100007 (wiersz 6)
2025-11-17 19:40:57 [INFO] Konto studenta juz istnieje w AD: 100008 (wiersz 7)
2025-11-17 19:40:58 [INFO] Konto studenta juz istnieje w AD: 100009 (wiersz 8)
2025-11-17 19:40:58 [INFO] Konto studenta juz istnieje w AD: 100010 (wiersz 9)
2025-11-17 19:40:58 [INFO] Sprawdzanie zakończone.
2025-11-17 19:40:58 [ERROR] Login juz istnieje w AD: 100001 - zmien login (wiersz: 0)
2025-11-17 19:40:58 [ERROR] Nazwa (CN/Name) w OU juz istnieje: 'Adam Nowak (100001)' - zmien format nazwy lub wybierz inne OU (wiersz: 0)
2025-11-17 19:40:58 [ERROR] Login juz istnieje w AD: 100002 - zmien login (wiersz: 1)
2025-11-17 19:40:58 [ERROR] Nazwa (CN/Name) w OU juz istnieje: 'Ewa Kowalska (100002)' - zmien format nazwy lub wybierz inne OU (wiersz: 1)
2025-11-17 19:40:58 [ERROR] Login juz istnieje w AD: 100003 - zmien login (wiersz: 2)
2025-11-17 19:40:58 [ERROR] Nazwa (CN/Name) w OU juz istnieje: 'Piotr Zieliński (100003)' - zmien format nazwy lub wybierz inne OU (wiersz: 2)
2025-11-17 19:40:58 [ERROR] Login juz istnieje w AD: 100004 - zmien login (wiersz: 3)
2025-11-17 19:40:58 [ERROR] Nazwa (CN/Name) w OU juz istnieje: 'Anna Wiśniewska (100004)' - zmien format nazwy lub wybierz inne OU (wiersz: 3)
2025-11-17 19:40:58 [ERROR] Login juz istnieje w AD: 100005 - zmien login (wiersz: 4)
2025-11-17 19:40:58 [ERROR] Nazwa (CN/Name) w OU juz istnieje: 'Kamil Wójcik (100005)' - zmien format nazwy lub wybierz inne OU (wiersz: 4)
2025-11-17 19:40:58 [ERROR] Login juz istnieje w AD: 100006 - zmien login (wiersz: 5)
2025-11-17 19:40:58 [ERROR] Nazwa (CN/Name) w OU juz istnieje: 'Marta Lewandowska (100006)' - zmien format nazwy lub wybierz inne OU (wiersz: 5)
2025-11-17 19:40:59 [ERROR] Login juz istnieje w AD: 100007 - zmien login (wiersz: 6)
2025-11-17 19:40:59 [ERROR] Nazwa (CN/Name) w OU juz istnieje: 'Tomasz Kamiński (100007)' - zmien format nazwy lub wybierz inne OU (wiersz: 6)
2025-11-17 19:40:59 [ERROR] Login juz istnieje w AD: 100008 - zmien login (wiersz: 7)
2025-11-17 19:40:59 [ERROR] Nazwa (CN/Name) w OU juz istnieje: 'Julia Mazur (100008)' - zmien format nazwy lub wybierz inne OU (wiersz: 7)
2025-11-17 19:40:59 [ERROR] Login juz istnieje w AD: 100009 - zmien login (wiersz: 8)
2025-11-17 19:40:59 [ERROR] Nazwa (CN/Name) w OU juz istnieje: 'Mateusz Krawczyk (100009)' - zmien format nazwy lub wybierz inne OU (wiersz: 8)
2025-11-17 19:40:59 [ERROR] Login juz istnieje w AD: 100010 - zmien login (wiersz: 9)
2025-11-17 19:40:59 [ERROR] Nazwa (CN/Name) w OU juz istnieje: 'Karolina Dudek (100010)' - zmien format nazwy lub wybierz inne OU (wiersz: 9)
2025-11-17 19:40:59 [INFO] Odświeżono dane dla zakładki Student.
2025-11-17 19:41:03 [INFO] Wyczyszczono dane z zakladki Student.
2025-11-17 19:41:04 [INFO] Wklejono dane dla zakladki Student [10 pozycji]
2025-11-17 19:41:04 [INFO] Konto studenta juz istnieje w AD: 100001 (wiersz 0)
2025-11-17 19:41:04 [INFO] Konto studenta juz istnieje w AD: 100002 (wiersz 1)
2025-11-17 19:41:04 [INFO] Konto studenta juz istnieje w AD: 100003 (wiersz 2)
2025-11-17 19:41:04 [INFO] Konto studenta juz istnieje w AD: 100004 (wiersz 3)
2025-11-17 19:41:04 [INFO] Konto studenta juz istnieje w AD: 100005 (wiersz 4)
2025-11-17 19:41:04 [INFO] Konto studenta juz istnieje w AD: 100006 (wiersz 5)
2025-11-17 19:41:04 [INFO] Konto studenta juz istnieje w AD: 100007 (wiersz 6)
2025-11-17 19:41:04 [INFO] Konto studenta juz istnieje w AD: 100008 (wiersz 7)
2025-11-17 19:41:04 [INFO] Konto studenta juz istnieje w AD: 100009 (wiersz 8)
2025-11-17 19:41:04 [INFO] Konto studenta juz istnieje w AD: 100010 (wiersz 9)
2025-11-17 19:41:04 [INFO] Sprawdzanie zakończone.
2025-11-17 19:41:45 [INFO] Wczytano ustawienia z E:\NextCloud\Borys\IT\Codowanie\Powershell\PS1-MicroProjects\.AD-BulkUserCreator.json
2025-11-17 19:41:54 [INFO] Wklejono dane dla zakladki Student [10 pozycji]
2025-11-17 19:41:55 [INFO] Konto studenta juz istnieje w AD: 100001 (wiersz 0)
2025-11-17 19:41:55 [INFO] Konto studenta juz istnieje w AD: 100002 (wiersz 1)
2025-11-17 19:41:55 [INFO] Konto studenta juz istnieje w AD: 100003 (wiersz 2)
2025-11-17 19:41:55 [INFO] Konto studenta juz istnieje w AD: 100004 (wiersz 3)
2025-11-17 19:41:55 [INFO] Konto studenta juz istnieje w AD: 100005 (wiersz 4)
2025-11-17 19:41:55 [INFO] Konto studenta juz istnieje w AD: 100006 (wiersz 5)
2025-11-17 19:41:55 [INFO] Konto studenta juz istnieje w AD: 100007 (wiersz 6)
2025-11-17 19:41:55 [INFO] Konto studenta juz istnieje w AD: 100008 (wiersz 7)
2025-11-17 19:41:55 [INFO] Konto studenta juz istnieje w AD: 100009 (wiersz 8)
2025-11-17 19:41:55 [INFO] Konto studenta juz istnieje w AD: 100010 (wiersz 9)
2025-11-17 19:41:55 [INFO] Sprawdzanie zakończone.
2025-11-17 20:32:50 [INFO] Wczytano ustawienia z E:\NextCloud\Borys\IT\Codowanie\Powershell\PS1-MicroProjects\.AD-BulkUserCreator.json
2025-11-17 20:32:56 [WARNING] Schowek jest pusty.
2025-11-17 20:32:56 [INFO] Sprawdzanie zakończone.
2025-11-17 20:33:05 [INFO] Wklejono dane dla zakladki Student [10 pozycji]
2025-11-17 20:33:05 [INFO] Konto studenta juz istnieje w AD: 100001 (wiersz 0)
2025-11-17 20:33:05 [INFO] Konto studenta juz istnieje w AD: 100002 (wiersz 1)
2025-11-17 20:33:05 [INFO] Konto studenta juz istnieje w AD: 100003 (wiersz 2)
2025-11-17 20:33:05 [INFO] Konto studenta juz istnieje w AD: 100004 (wiersz 3)
2025-11-17 20:33:05 [INFO] Konto studenta juz istnieje w AD: 100005 (wiersz 4)
2025-11-17 20:33:05 [INFO] Konto studenta juz istnieje w AD: 100006 (wiersz 5)
2025-11-17 20:33:05 [INFO] Konto studenta juz istnieje w AD: 100007 (wiersz 6)
2025-11-17 20:33:05 [INFO] Konto studenta juz istnieje w AD: 100008 (wiersz 7)
2025-11-17 20:33:06 [INFO] Konto studenta juz istnieje w AD: 100009 (wiersz 8)
2025-11-17 20:33:06 [INFO] Konto studenta juz istnieje w AD: 100010 (wiersz 9)
2025-11-17 20:33:06 [INFO] Sprawdzanie zakończone.
2025-11-17 20:33:14 [INFO] Konto studenta juz istnieje w AD: 100001 (wiersz 0)
2025-11-17 20:33:14 [INFO] Konto studenta juz istnieje w AD: 100002 (wiersz 1)
2025-11-17 20:33:14 [INFO] Konto studenta juz istnieje w AD: 100003 (wiersz 2)
2025-11-17 20:33:14 [INFO] Konto studenta juz istnieje w AD: 100004 (wiersz 3)
2025-11-17 20:33:14 [INFO] Konto studenta juz istnieje w AD: 100005 (wiersz 4)
2025-11-17 20:33:14 [INFO] Konto studenta juz istnieje w AD: 100006 (wiersz 5)
2025-11-17 20:33:14 [INFO] Konto studenta juz istnieje w AD: 100007 (wiersz 6)
2025-11-17 20:33:14 [INFO] Konto studenta juz istnieje w AD: 100008 (wiersz 7)
2025-11-17 20:33:14 [INFO] Konto studenta juz istnieje w AD: 100009 (wiersz 8)
2025-11-17 20:33:14 [INFO] Konto studenta juz istnieje w AD: 100010 (wiersz 9)
2025-11-17 20:33:14 [INFO] Sprawdzanie zakończone.
2025-11-17 20:33:15 [INFO] Odświeżono dane dla zakładki Student.
2025-11-17 20:33:17 [INFO] Konto studenta juz istnieje w AD: 100001 (wiersz 0)
2025-11-17 20:33:17 [INFO] Konto studenta juz istnieje w AD: 100002 (wiersz 1)
2025-11-17 20:33:17 [INFO] Konto studenta juz istnieje w AD: 100003 (wiersz 2)
2025-11-17 20:33:17 [INFO] Konto studenta juz istnieje w AD: 100004 (wiersz 3)
2025-11-17 20:33:18 [INFO] Konto studenta juz istnieje w AD: 100005 (wiersz 4)
2025-11-17 20:33:18 [INFO] Konto studenta juz istnieje w AD: 100006 (wiersz 5)
2025-11-17 20:33:18 [INFO] Konto studenta juz istnieje w AD: 100007 (wiersz 6)
2025-11-17 20:33:18 [INFO] Konto studenta juz istnieje w AD: 100008 (wiersz 7)
2025-11-17 20:33:18 [INFO] Konto studenta juz istnieje w AD: 100009 (wiersz 8)
2025-11-17 20:33:18 [INFO] Konto studenta juz istnieje w AD: 100010 (wiersz 9)
2025-11-17 20:33:18 [INFO] Sprawdzanie zakończone.
2025-11-17 20:33:19 [ERROR] Login juz istnieje w AD: 100001 - zmien login (wiersz: 0)
2025-11-17 20:33:19 [ERROR] Nazwa (CN/Name) w OU juz istnieje: 'Adam Nowak (100001)' - zmien format nazwy lub wybierz inne OU (wiersz: 0)
2025-11-17 20:33:19 [ERROR] Login juz istnieje w AD: 100002 - zmien login (wiersz: 1)
2025-11-17 20:33:19 [ERROR] Nazwa (CN/Name) w OU juz istnieje: 'Ewa Kowalska (100002)' - zmien format nazwy lub wybierz inne OU (wiersz: 1)
2025-11-17 20:33:19 [ERROR] Login juz istnieje w AD: 100003 - zmien login (wiersz: 2)
2025-11-17 20:33:19 [ERROR] Nazwa (CN/Name) w OU juz istnieje: 'Piotr Zieliński (100003)' - zmien format nazwy lub wybierz inne OU (wiersz: 2)
2025-11-17 20:33:19 [ERROR] Login juz istnieje w AD: 100004 - zmien login (wiersz: 3)
2025-11-17 20:33:19 [ERROR] Nazwa (CN/Name) w OU juz istnieje: 'Anna Wiśniewska (100004)' - zmien format nazwy lub wybierz inne OU (wiersz: 3)
2025-11-17 20:33:19 [ERROR] Login juz istnieje w AD: 100005 - zmien login (wiersz: 4)
2025-11-17 20:33:19 [ERROR] Nazwa (CN/Name) w OU juz istnieje: 'Kamil Wójcik (100005)' - zmien format nazwy lub wybierz inne OU (wiersz: 4)
2025-11-17 20:33:20 [ERROR] Login juz istnieje w AD: 100006 - zmien login (wiersz: 5)
2025-11-17 20:33:20 [ERROR] Nazwa (CN/Name) w OU juz istnieje: 'Marta Lewandowska (100006)' - zmien format nazwy lub wybierz inne OU (wiersz: 5)
2025-11-17 20:33:20 [ERROR] Login juz istnieje w AD: 100007 - zmien login (wiersz: 6)
2025-11-17 20:33:20 [ERROR] Nazwa (CN/Name) w OU juz istnieje: 'Tomasz Kamiński (100007)' - zmien format nazwy lub wybierz inne OU (wiersz: 6)
2025-11-17 20:33:20 [ERROR] Login juz istnieje w AD: 100008 - zmien login (wiersz: 7)
2025-11-17 20:33:20 [ERROR] Nazwa (CN/Name) w OU juz istnieje: 'Julia Mazur (100008)' - zmien format nazwy lub wybierz inne OU (wiersz: 7)
2025-11-17 20:33:20 [ERROR] Login juz istnieje w AD: 100009 - zmien login (wiersz: 8)
2025-11-17 20:33:20 [ERROR] Nazwa (CN/Name) w OU juz istnieje: 'Mateusz Krawczyk (100009)' - zmien format nazwy lub wybierz inne OU (wiersz: 8)
2025-11-17 20:33:20 [ERROR] Login juz istnieje w AD: 100010 - zmien login (wiersz: 9)
2025-11-17 20:33:20 [ERROR] Nazwa (CN/Name) w OU juz istnieje: 'Karolina Dudek (100010)' - zmien format nazwy lub wybierz inne OU (wiersz: 9)
2025-11-17 20:33:22 [INFO] Konto studenta juz istnieje w AD: 100001 (wiersz 0)
2025-11-17 20:33:22 [INFO] Konto studenta juz istnieje w AD: 100002 (wiersz 1)
2025-11-17 20:33:22 [INFO] Konto studenta juz istnieje w AD: 100003 (wiersz 2)
2025-11-17 20:33:22 [INFO] Konto studenta juz istnieje w AD: 100004 (wiersz 3)
2025-11-17 20:33:22 [INFO] Konto studenta juz istnieje w AD: 100005 (wiersz 4)
2025-11-17 20:33:22 [INFO] Konto studenta juz istnieje w AD: 100006 (wiersz 5)
2025-11-17 20:33:22 [INFO] Konto studenta juz istnieje w AD: 100007 (wiersz 6)
2025-11-17 20:33:22 [INFO] Konto studenta juz istnieje w AD: 100008 (wiersz 7)
2025-11-17 20:33:22 [INFO] Konto studenta juz istnieje w AD: 100009 (wiersz 8)
2025-11-17 20:33:22 [INFO] Konto studenta juz istnieje w AD: 100010 (wiersz 9)
2025-11-17 20:33:22 [INFO] Sprawdzanie zakończone.
2025-11-17 21:11:14 [INFO] Wczytano ustawienia z E:\NextCloud\Borys\IT\Codowanie\Powershell\PS1-MicroProjects\.AD-BulkUserCreator.json
2025-11-17 21:11:24 [INFO] Wklejono dane dla zakladki Student [10 pozycji]
2025-11-17 21:11:24 [INFO] Konto studenta juz istnieje w AD: 100001 (wiersz 0)
2025-11-17 21:11:24 [INFO] Konto studenta juz istnieje w AD: 100002 (wiersz 1)
2025-11-17 21:11:24 [INFO] Konto studenta juz istnieje w AD: 100003 (wiersz 2)
2025-11-17 21:11:24 [INFO] Konto studenta juz istnieje w AD: 100004 (wiersz 3)
2025-11-17 21:11:24 [INFO] Konto studenta juz istnieje w AD: 100005 (wiersz 4)
2025-11-17 21:11:24 [INFO] Konto studenta juz istnieje w AD: 100006 (wiersz 5)
2025-11-17 21:11:24 [INFO] Konto studenta juz istnieje w AD: 100007 (wiersz 6)
2025-11-17 21:11:24 [INFO] Konto studenta juz istnieje w AD: 100008 (wiersz 7)
2025-11-17 21:11:24 [INFO] Konto studenta juz istnieje w AD: 100009 (wiersz 8)
2025-11-17 21:11:24 [INFO] Konto studenta juz istnieje w AD: 100010 (wiersz 9)
2025-11-17 21:11:24 [INFO] Sprawdzanie zakończone.
2025-11-17 21:11:47 [INFO] Konto studenta juz istnieje w AD: 100001 (wiersz 0)
2025-11-17 21:11:47 [INFO] Konto studenta juz istnieje w AD: 100002 (wiersz 1)
2025-11-17 21:11:47 [INFO] Konto studenta juz istnieje w AD: 100003 (wiersz 2)
2025-11-17 21:11:47 [INFO] Konto studenta juz istnieje w AD: 100004 (wiersz 3)
2025-11-17 21:11:47 [INFO] Konto studenta juz istnieje w AD: 100005 (wiersz 4)
2025-11-17 21:11:47 [INFO] Konto studenta juz istnieje w AD: 100006 (wiersz 5)
2025-11-17 21:11:47 [INFO] Konto studenta juz istnieje w AD: 100007 (wiersz 6)
2025-11-17 21:11:47 [INFO] Konto studenta juz istnieje w AD: 100008 (wiersz 7)
2025-11-17 21:11:47 [INFO] Konto studenta juz istnieje w AD: 100009 (wiersz 8)
2025-11-17 21:11:47 [INFO] Konto studenta juz istnieje w AD: 100010 (wiersz 9)
2025-11-17 21:11:47 [INFO] Sprawdzanie zakończone.
2025-11-17 21:11:47 [INFO] Odświeżono dane dla zakładki Student.
2025-11-17 21:11:48 [INFO] Odświeżono dane dla zakładki Student.
2025-11-17 21:11:50 [ERROR] Login juz istnieje w AD: 100001 - zmien login (wiersz: 0)
2025-11-17 21:11:50 [ERROR] Nazwa (CN/Name) w OU juz istnieje: 'Adam Nowak (100001)' - zmien format nazwy lub wybierz inne OU (wiersz: 0)
2025-11-17 21:11:50 [ERROR] Login juz istnieje w AD: 100002 - zmien login (wiersz: 1)
2025-11-17 21:11:50 [ERROR] Nazwa (CN/Name) w OU juz istnieje: 'Ewa Kowalska (100002)' - zmien format nazwy lub wybierz inne OU (wiersz: 1)
2025-11-17 21:11:50 [ERROR] Login juz istnieje w AD: 100003 - zmien login (wiersz: 2)
2025-11-17 21:11:50 [ERROR] Nazwa (CN/Name) w OU juz istnieje: 'Piotr Zieliński (100003)' - zmien format nazwy lub wybierz inne OU (wiersz: 2)
2025-11-17 21:11:50 [ERROR] Login juz istnieje w AD: 100004 - zmien login (wiersz: 3)
2025-11-17 21:11:50 [ERROR] Nazwa (CN/Name) w OU juz istnieje: 'Anna Wiśniewska (100004)' - zmien format nazwy lub wybierz inne OU (wiersz: 3)
2025-11-17 21:11:50 [ERROR] Login juz istnieje w AD: 100005 - zmien login (wiersz: 4)
2025-11-17 21:11:50 [ERROR] Nazwa (CN/Name) w OU juz istnieje: 'Kamil Wójcik (100005)' - zmien format nazwy lub wybierz inne OU (wiersz: 4)
2025-11-17 21:11:50 [ERROR] Login juz istnieje w AD: 100006 - zmien login (wiersz: 5)
2025-11-17 21:11:50 [ERROR] Nazwa (CN/Name) w OU juz istnieje: 'Marta Lewandowska (100006)' - zmien format nazwy lub wybierz inne OU (wiersz: 5)
2025-11-17 21:11:50 [ERROR] Login juz istnieje w AD: 100007 - zmien login (wiersz: 6)
2025-11-17 21:11:50 [ERROR] Nazwa (CN/Name) w OU juz istnieje: 'Tomasz Kamiński (100007)' - zmien format nazwy lub wybierz inne OU (wiersz: 6)
2025-11-17 21:11:50 [ERROR] Login juz istnieje w AD: 100008 - zmien login (wiersz: 7)
2025-11-17 21:11:50 [ERROR] Nazwa (CN/Name) w OU juz istnieje: 'Julia Mazur (100008)' - zmien format nazwy lub wybierz inne OU (wiersz: 7)
2025-11-17 21:11:50 [ERROR] Login juz istnieje w AD: 100009 - zmien login (wiersz: 8)
2025-11-17 21:11:50 [ERROR] Nazwa (CN/Name) w OU juz istnieje: 'Mateusz Krawczyk (100009)' - zmien format nazwy lub wybierz inne OU (wiersz: 8)
2025-11-17 21:11:50 [ERROR] Login juz istnieje w AD: 100010 - zmien login (wiersz: 9)
2025-11-17 21:11:50 [ERROR] Nazwa (CN/Name) w OU juz istnieje: 'Karolina Dudek (100010)' - zmien format nazwy lub wybierz inne OU (wiersz: 9)
2025-11-17 21:13:01 [INFO] Wyczyszczono dane z zakladki Student.
2025-11-17 21:13:02 [INFO] Sprawdzanie zakończone.
2025-11-18 08:56:04 [INFO] Wczytano ustawienia z E:\NextCloud\Borys\IT\Codowanie\Powershell\PS1-MicroProjects\.AD-BulkUserCreator.json
2025-11-18 08:56:14 [INFO] Wklejono dane dla zakladki Student [10 pozycji]
2025-11-18 08:56:15 [INFO] Konto studenta juz istnieje w AD: 100001 (wiersz 0)
2025-11-18 08:56:15 [INFO] Konto studenta juz istnieje w AD: 100002 (wiersz 1)
2025-11-18 08:56:15 [INFO] Konto studenta juz istnieje w AD: 100003 (wiersz 2)
2025-11-18 08:56:15 [INFO] Konto studenta juz istnieje w AD: 100004 (wiersz 3)
2025-11-18 08:56:15 [INFO] Konto studenta juz istnieje w AD: 100005 (wiersz 4)
2025-11-18 08:56:15 [INFO] Konto studenta juz istnieje w AD: 100006 (wiersz 5)
2025-11-18 08:56:15 [INFO] Konto studenta juz istnieje w AD: 100007 (wiersz 6)
2025-11-18 08:56:15 [INFO] Konto studenta juz istnieje w AD: 100008 (wiersz 7)
2025-11-18 08:56:15 [INFO] Konto studenta juz istnieje w AD: 100009 (wiersz 8)
2025-11-18 08:56:15 [INFO] Konto studenta juz istnieje w AD: 100010 (wiersz 9)
2025-11-18 08:56:15 [INFO] Sprawdzanie zakończone.
2025-11-18 08:56:17 [INFO] Konto studenta juz istnieje w AD: 100001 (wiersz 0)
2025-11-18 08:56:17 [INFO] Konto studenta juz istnieje w AD: 100002 (wiersz 1)
2025-11-18 08:56:17 [INFO] Konto studenta juz istnieje w AD: 100003 (wiersz 2)
2025-11-18 08:56:17 [INFO] Konto studenta juz istnieje w AD: 100004 (wiersz 3)
2025-11-18 08:56:17 [INFO] Konto studenta juz istnieje w AD: 100005 (wiersz 4)
2025-11-18 08:56:17 [INFO] Konto studenta juz istnieje w AD: 100006 (wiersz 5)
2025-11-18 08:56:17 [INFO] Konto studenta juz istnieje w AD: 100007 (wiersz 6)
2025-11-18 08:56:18 [INFO] Konto studenta juz istnieje w AD: 100008 (wiersz 7)
2025-11-18 08:56:18 [INFO] Konto studenta juz istnieje w AD: 100009 (wiersz 8)
2025-11-18 08:56:18 [INFO] Konto studenta juz istnieje w AD: 100010 (wiersz 9)
2025-11-18 08:56:18 [INFO] Sprawdzanie zakończone.
2025-11-18 10:30:55 [INFO] Wczytano ustawienia z E:\NextCloud\Borys\IT\Codowanie\Powershell\PS1-MicroProjects\.AD-BulkUserCreator.json
2025-11-18 10:31:07 [INFO] Wklejono dane dla zakladki Student [10 pozycji]
2025-11-18 10:31:07 [INFO] Konto studenta juz istnieje w AD: 100001 (wiersz 0)
2025-11-18 10:31:07 [INFO] Konto studenta juz istnieje w AD: 100002 (wiersz 1)
2025-11-18 10:31:07 [INFO] Konto studenta juz istnieje w AD: 100003 (wiersz 2)
2025-11-18 10:31:07 [INFO] Konto studenta juz istnieje w AD: 100004 (wiersz 3)
2025-11-18 10:31:07 [INFO] Konto studenta juz istnieje w AD: 100005 (wiersz 4)
2025-11-18 10:31:07 [INFO] Konto studenta juz istnieje w AD: 100006 (wiersz 5)
2025-11-18 10:31:07 [INFO] Konto studenta juz istnieje w AD: 100007 (wiersz 6)
2025-11-18 10:31:07 [INFO] Konto studenta juz istnieje w AD: 100008 (wiersz 7)
2025-11-18 10:31:07 [INFO] Konto studenta juz istnieje w AD: 100009 (wiersz 8)
2025-11-18 10:31:07 [INFO] Konto studenta juz istnieje w AD: 100010 (wiersz 9)
2025-11-18 10:31:07 [INFO] Sprawdzanie zakończone.
2025-11-18 10:31:14 [ERROR] Login juz istnieje w AD: 100001 - zmien login (wiersz: 0)
2025-11-18 10:31:14 [ERROR] Nazwa (CN/Name) w OU juz istnieje: 'Adam Nowak (100001)' - zmien format nazwy lub wybierz inne OU (wiersz: 0)
2025-11-18 10:31:14 [ERROR] Login juz istnieje w AD: 100002 - zmien login (wiersz: 1)
2025-11-18 10:31:14 [ERROR] Nazwa (CN/Name) w OU juz istnieje: 'Ewa Kowalska (100002)' - zmien format nazwy lub wybierz inne OU (wiersz: 1)
2025-11-18 10:31:14 [ERROR] Login juz istnieje w AD: 100003 - zmien login (wiersz: 2)
2025-11-18 10:31:14 [ERROR] Nazwa (CN/Name) w OU juz istnieje: 'Piotr Zieliński (100003)' - zmien format nazwy lub wybierz inne OU (wiersz: 2)
2025-11-18 10:31:14 [ERROR] Login juz istnieje w AD: 100004 - zmien login (wiersz: 3)
2025-11-18 10:31:14 [ERROR] Nazwa (CN/Name) w OU juz istnieje: 'Anna Wiśniewska (100004)' - zmien format nazwy lub wybierz inne OU (wiersz: 3)
2025-11-18 10:31:14 [ERROR] Login juz istnieje w AD: 100005 - zmien login (wiersz: 4)
2025-11-18 10:31:14 [ERROR] Nazwa (CN/Name) w OU juz istnieje: 'Kamil Wójcik (100005)' - zmien format nazwy lub wybierz inne OU (wiersz: 4)
2025-11-18 10:31:14 [ERROR] Login juz istnieje w AD: 100006 - zmien login (wiersz: 5)
2025-11-18 10:31:14 [ERROR] Nazwa (CN/Name) w OU juz istnieje: 'Marta Lewandowska (100006)' - zmien format nazwy lub wybierz inne OU (wiersz: 5)
2025-11-18 10:31:14 [ERROR] Login juz istnieje w AD: 100007 - zmien login (wiersz: 6)
2025-11-18 10:31:14 [ERROR] Nazwa (CN/Name) w OU juz istnieje: 'Tomasz Kamiński (100007)' - zmien format nazwy lub wybierz inne OU (wiersz: 6)
2025-11-18 10:31:14 [ERROR] Login juz istnieje w AD: 100008 - zmien login (wiersz: 7)
2025-11-18 10:31:14 [ERROR] Nazwa (CN/Name) w OU juz istnieje: 'Julia Mazur (100008)' - zmien format nazwy lub wybierz inne OU (wiersz: 7)
2025-11-18 10:31:14 [ERROR] Login juz istnieje w AD: 100009 - zmien login (wiersz: 8)
2025-11-18 10:31:14 [ERROR] Nazwa (CN/Name) w OU juz istnieje: 'Mateusz Krawczyk (100009)' - zmien format nazwy lub wybierz inne OU (wiersz: 8)
2025-11-18 10:31:14 [ERROR] Login juz istnieje w AD: 100010 - zmien login (wiersz: 9)
2025-11-18 10:31:15 [ERROR] Nazwa (CN/Name) w OU juz istnieje: 'Karolina Dudek (100010)' - zmien format nazwy lub wybierz inne OU (wiersz: 9)
2025-11-18 10:31:15 [INFO] [DEBUG] duplicateAlerts empty — dialog skipped
2025-11-18 10:32:06 [INFO] Sprawdzanie zakończone.
2025-11-18 10:32:27 [SUCCESS] Utworzono konto: 100001 (Adam Nowak (100001))
2025-11-18 10:32:27 [SUCCESS] Utworzono konto: 100002 (Ewa Kowalska (100002))
2025-11-18 10:32:27 [SUCCESS] Utworzono konto: 100003 (Piotr Zieliński (100003))
2025-11-18 10:32:28 [SUCCESS] Utworzono konto: 100004 (Anna Wiśniewska (100004))
2025-11-18 10:32:28 [SUCCESS] Utworzono konto: 100005 (Kamil Wójcik (100005))
2025-11-18 10:32:28 [SUCCESS] Utworzono konto: 100006 (Marta Lewandowska (100006))
2025-11-18 10:32:28 [SUCCESS] Utworzono konto: 100007 (Tomasz Kamiński (100007))
2025-11-18 10:32:28 [SUCCESS] Utworzono konto: 100008 (Julia Mazur (100008))
2025-11-18 10:32:28 [SUCCESS] Utworzono konto: 100009 (Mateusz Krawczyk (100009))
2025-11-18 10:32:28 [SUCCESS] Utworzono konto: 100010 (Karolina Dudek (100010))
2025-11-18 10:32:28 [INFO] [DEBUG] duplicateAlerts empty — dialog skipped
2025-11-18 10:32:28 [WARNING] Nie udalo sie uruchomic Start-ADSyncSyncCycle -PolicyType Delta.
2025-11-18 10:35:50 [INFO] Konto studenta juz istnieje w AD: 100001 (wiersz 0)
2025-11-18 10:35:50 [INFO] Konto studenta juz istnieje w AD: 100002 (wiersz 1)
2025-11-18 10:35:50 [INFO] Konto studenta juz istnieje w AD: 100003 (wiersz 2)
2025-11-18 10:35:50 [INFO] Konto studenta juz istnieje w AD: 100004 (wiersz 3)
2025-11-18 10:35:50 [INFO] Konto studenta juz istnieje w AD: 100005 (wiersz 4)
2025-11-18 10:35:50 [INFO] Konto studenta juz istnieje w AD: 100006 (wiersz 5)
2025-11-18 10:35:50 [INFO] Konto studenta juz istnieje w AD: 100007 (wiersz 6)
2025-11-18 10:35:50 [INFO] Konto studenta juz istnieje w AD: 100008 (wiersz 7)
2025-11-18 10:35:50 [INFO] Konto studenta juz istnieje w AD: 100009 (wiersz 8)
2025-11-18 10:35:50 [INFO] Konto studenta juz istnieje w AD: 100010 (wiersz 9)
2025-11-18 10:35:50 [INFO] Sprawdzanie zakończone.
